[2019-12-02 07:28:30Z INFO Listener] Runner is built for Linux (X64) - linux-x64.
[2019-12-02 07:28:30Z INFO Listener] RuntimeInformation: Linux 5.0.0-1025-azure #27~18.04.1-Ubuntu SMP Mon Nov 11 15:19:19 UTC 2019.
[2019-12-02 07:28:30Z INFO Listener] Version: 2.161.0
[2019-12-02 07:28:30Z INFO Listener] Commit: 3ade8424a5ef383363b7c8decfef2280d0dedb97
[2019-12-02 07:28:30Z INFO Listener] Culture: 
[2019-12-02 07:28:30Z INFO Listener] UI Culture: 
[2019-12-02 07:28:30Z INFO HostContext] Well known directory 'Bin': '/home/serverlogin/actions-runner/bin'
[2019-12-02 07:28:30Z INFO HostContext] Well known directory 'Root': '/home/serverlogin/actions-runner'
[2019-12-02 07:28:30Z INFO Listener] Validating directory permissions for: '/home/serverlogin/actions-runner'
[2019-12-02 07:28:30Z INFO HostContext] Well known directory 'Bin': '/home/serverlogin/actions-runner/bin'
[2019-12-02 07:28:30Z INFO HostContext] Well known directory 'Root': '/home/serverlogin/actions-runner'
[2019-12-02 07:28:30Z INFO CommandLineParser] Parse
[2019-12-02 07:28:30Z INFO CommandLineParser] Parsing 5 args
[2019-12-02 07:28:30Z INFO CommandLineParser] parsing argument
[2019-12-02 07:28:30Z INFO CommandLineParser] HasArgs: False
[2019-12-02 07:28:30Z INFO CommandLineParser] Adding Command: configure
[2019-12-02 07:28:30Z INFO CommandLineParser] parsing argument
[2019-12-02 07:28:30Z INFO CommandLineParser] HasArgs: True
[2019-12-02 07:28:30Z INFO CommandLineParser] arg: url
[2019-12-02 07:28:30Z INFO CommandLineParser] parsing argument
[2019-12-02 07:28:30Z INFO CommandLineParser] HasArgs: True
[2019-12-02 07:28:30Z INFO CommandLineParser] Adding option 'url': 'https://github.com/7054company/7ea'
[2019-12-02 07:28:30Z INFO CommandLineParser] parsing argument
[2019-12-02 07:28:30Z INFO CommandLineParser] HasArgs: True
[2019-12-02 07:28:30Z INFO CommandLineParser] arg: token
[2019-12-02 07:28:30Z INFO CommandLineParser] parsing argument
[2019-12-02 07:28:30Z INFO CommandLineParser] HasArgs: True
[2019-12-02 07:28:30Z INFO CommandLineParser] Adding option 'token': '***'
[2019-12-02 07:28:30Z INFO Listener] Arguments parsed
[2019-12-02 07:28:30Z INFO HostContext] Well known directory 'Bin': '/home/serverlogin/actions-runner/bin'
[2019-12-02 07:28:30Z INFO HostContext] Well known directory 'Root': '/home/serverlogin/actions-runner'
[2019-12-02 07:28:30Z INFO HostContext] Well known config file 'Proxy': '/home/serverlogin/actions-runner/.proxy'
[2019-12-02 07:28:30Z INFO RunnerWebProxy] No proxy setting found.
[2019-12-02 07:28:30Z INFO HostContext] Well known directory 'Bin': '/home/serverlogin/actions-runner/bin'
[2019-12-02 07:28:30Z INFO HostContext] Well known directory 'Root': '/home/serverlogin/actions-runner'
[2019-12-02 07:28:30Z INFO HostContext] Well known config file 'Certificates': '/home/serverlogin/actions-runner/.certificates'
[2019-12-02 07:28:30Z INFO RunnerCertificateManager] No certificate setting found.
[2019-12-02 07:28:30Z INFO Runner] ExecuteCommand
[2019-12-02 07:28:30Z INFO ConfigurationStore] currentAssemblyLocation: /home/serverlogin/actions-runner/bin/Runner.Listener.dll
[2019-12-02 07:28:30Z INFO HostContext] Well known directory 'Bin': '/home/serverlogin/actions-runner/bin'
[2019-12-02 07:28:30Z INFO ConfigurationStore] binPath: /home/serverlogin/actions-runner/bin
[2019-12-02 07:28:30Z INFO HostContext] Well known directory 'Bin': '/home/serverlogin/actions-runner/bin'
[2019-12-02 07:28:30Z INFO HostContext] Well known directory 'Root': '/home/serverlogin/actions-runner'
[2019-12-02 07:28:30Z INFO ConfigurationStore] RootFolder: /home/serverlogin/actions-runner
[2019-12-02 07:28:30Z INFO HostContext] Well known directory 'Bin': '/home/serverlogin/actions-runner/bin'
[2019-12-02 07:28:30Z INFO HostContext] Well known directory 'Root': '/home/serverlogin/actions-runner'
[2019-12-02 07:28:30Z INFO HostContext] Well known config file 'Runner': '/home/serverlogin/actions-runner/.runner'
[2019-12-02 07:28:30Z INFO ConfigurationStore] ConfigFilePath: /home/serverlogin/actions-runner/.runner
[2019-12-02 07:28:30Z INFO HostContext] Well known directory 'Bin': '/home/serverlogin/actions-runner/bin'
[2019-12-02 07:28:30Z INFO HostContext] Well known directory 'Root': '/home/serverlogin/actions-runner'
[2019-12-02 07:28:30Z INFO HostContext] Well known config file 'Credentials': '/home/serverlogin/actions-runner/.credentials'
[2019-12-02 07:28:30Z INFO ConfigurationStore] CredFilePath: /home/serverlogin/actions-runner/.credentials
[2019-12-02 07:28:30Z INFO HostContext] Well known directory 'Bin': '/home/serverlogin/actions-runner/bin'
[2019-12-02 07:28:30Z INFO HostContext] Well known directory 'Root': '/home/serverlogin/actions-runner'
[2019-12-02 07:28:30Z INFO HostContext] Well known config file 'Service': '/home/serverlogin/actions-runner/.service'
[2019-12-02 07:28:30Z INFO ConfigurationStore] ServiceConfigFilePath: /home/serverlogin/actions-runner/.service
[2019-12-02 07:28:30Z INFO HostContext] Well known directory 'Bin': '/home/serverlogin/actions-runner/bin'
[2019-12-02 07:28:30Z INFO HostContext] Well known directory 'Root': '/home/serverlogin/actions-runner'
[2019-12-02 07:28:30Z INFO HostContext] Well known config file 'Options': '/home/serverlogin/actions-runner/.options'
[2019-12-02 07:28:30Z INFO ConfigurationStore] RuntimeOptionsFilePath: /home/serverlogin/actions-runner/.options
[2019-12-02 07:28:30Z INFO CommandSettings] Flag 'help': 'False'
[2019-12-02 07:28:30Z INFO CommandSettings] Flag 'version': 'False'
[2019-12-02 07:28:30Z INFO CommandSettings] Flag 'commit': 'False'
[2019-12-02 07:28:30Z INFO CommandSettings] Command 'configure': 'True'
[2019-12-02 07:28:30Z INFO Terminal] WRITE LINE: 
[2019-12-02 07:28:30Z INFO Terminal] WRITE LINE: --------------------------------------------------------------------------------
[2019-12-02 07:28:30Z INFO Terminal] WRITE LINE: |        ____ _ _   _   _       _          _        _   _                      |
[2019-12-02 07:28:30Z INFO Terminal] WRITE LINE: |       / ___(_) |_| | | |_   _| |__      / \   ___| |_(_) ___  _ __  ___      |
[2019-12-02 07:28:30Z INFO Terminal] WRITE LINE: |      | |  _| | __| |_| | | | | '_ \    / _ \ / __| __| |/ _ \| '_ \/ __|     |
[2019-12-02 07:28:30Z INFO Terminal] WRITE LINE: |      | |_| | | |_|  _  | |_| | |_) |  / ___ \ (__| |_| | (_) | | | \__ \     |
[2019-12-02 07:28:30Z INFO Terminal] WRITE LINE: |       \____|_|\__|_| |_|\__,_|_.__/  /_/   \_\___|\__|_|\___/|_| |_|___/     |
[2019-12-02 07:28:30Z INFO Terminal] WRITE LINE: |                                                                              |
[2019-12-02 07:28:30Z INFO Terminal] WRITE: |                       
[2019-12-02 07:28:30Z INFO Terminal] WRITE: Self-hosted runner registration
[2019-12-02 07:28:30Z INFO Terminal] WRITE LINE:                         |
[2019-12-02 07:28:30Z INFO Terminal] WRITE LINE: |                                                                              |
[2019-12-02 07:28:30Z INFO Terminal] WRITE LINE: --------------------------------------------------------------------------------
[2019-12-02 07:28:30Z INFO ConfigurationManager] ConfigureAsync
[2019-12-02 07:28:30Z INFO ConfigurationStore] IsConfigured()
[2019-12-02 07:28:30Z INFO ConfigurationStore] IsConfigured: False
[2019-12-02 07:28:30Z INFO ConfigurationManager] Is configured: False
[2019-12-02 07:28:30Z INFO CommandSettings] Flag 'sslskipcertvalidation': 'False'
[2019-12-02 07:28:30Z INFO CommandSettings] Arg 'url': 'https://github.com/7054company/7ea'
[2019-12-02 07:28:30Z INFO CommandSettings] Remove url from Arg dictionary.
[2019-12-02 07:28:30Z INFO CommandSettings] Arg 'token': '***'
[2019-12-02 07:28:30Z INFO CommandSettings] Remove token from Arg dictionary.
[2019-12-02 07:28:31Z INFO ConfigurationManager] Http response code: OK from 'POST https://api.github.com/repos/7054company/7ea/actions-runners/registration'
[2019-12-02 07:28:31Z INFO ConfigurationManager] cred retrieved via GitHub auth
[2019-12-02 07:28:31Z INFO GitHubActionsRunner] Starting operation Location.GetConnectionData
[2019-12-02 07:28:31Z INFO GitHubActionsRunner] Finished operation Location.GetConnectionData
[2019-12-02 07:28:33Z INFO GitHubActionsRunner] Starting operation Location.GetConnectionData
[2019-12-02 07:28:33Z INFO GitHubActionsRunner] Finished operation Location.GetConnectionData
[2019-12-02 07:28:33Z INFO ConfigurationManager] Server deployment type: Hosted
[2019-12-02 07:28:33Z INFO RunnerServer] Establish connection with 100 seconds timeout.
[2019-12-02 07:28:33Z INFO GitHubActionsRunner] Starting operation Location.GetConnectionData
[2019-12-02 07:28:33Z INFO RunnerServer] Establish connection with 60 seconds timeout.
[2019-12-02 07:28:33Z INFO GitHubActionsRunner] Starting operation Location.GetConnectionData
[2019-12-02 07:28:33Z INFO RunnerServer] Establish connection with 60 seconds timeout.
[2019-12-02 07:28:33Z INFO GitHubActionsRunner] Starting operation Location.GetConnectionData
[2019-12-02 07:28:33Z INFO GitHubActionsRunner] Finished operation Location.GetConnectionData
[2019-12-02 07:28:33Z INFO GitHubActionsRunner] Finished operation Location.GetConnectionData
[2019-12-02 07:28:33Z INFO GitHubActionsRunner] Finished operation Location.GetConnectionData
[2019-12-02 07:28:35Z INFO Terminal] WRITE LINE: 
[2019-12-02 07:28:35Z INFO ConfigurationManager] Test Connection complete.
[2019-12-02 07:28:35Z INFO HostContext] Well known directory 'Bin': '/home/serverlogin/actions-runner/bin'
[2019-12-02 07:28:35Z INFO HostContext] Well known directory 'Root': '/home/serverlogin/actions-runner'
[2019-12-02 07:28:35Z INFO HostContext] Well known config file 'RSACredentials': '/home/serverlogin/actions-runner/.credentials_rsaparams'
[2019-12-02 07:28:35Z INFO RSAFileKeyManager] Creating new RSA key using 2048-bit key length
[2019-12-02 07:28:35Z INFO RSAFileKeyManager] Successfully saved RSA key parameters to file /home/serverlogin/actions-runner/.credentials_rsaparams
[2019-12-02 07:28:35Z INFO RSAFileKeyManager] Which: 'chmod'
[2019-12-02 07:28:35Z INFO RSAFileKeyManager] Location: '/bin/chmod'
[2019-12-02 07:28:35Z INFO HostContext] Well known directory 'Bin': '/home/serverlogin/actions-runner/bin'
[2019-12-02 07:28:35Z INFO HostContext] Well known directory 'Root': '/home/serverlogin/actions-runner'
[2019-12-02 07:28:35Z INFO ProcessInvokerWrapper] Starting process:
[2019-12-02 07:28:35Z INFO ProcessInvokerWrapper]   File name: '/bin/chmod'
[2019-12-02 07:28:35Z INFO ProcessInvokerWrapper]   Arguments: '600 /home/serverlogin/actions-runner/.credentials_rsaparams'
[2019-12-02 07:28:35Z INFO ProcessInvokerWrapper]   Working directory: '/home/serverlogin/actions-runner'
[2019-12-02 07:28:35Z INFO ProcessInvokerWrapper]   Require exit code zero: 'False'
[2019-12-02 07:28:35Z INFO ProcessInvokerWrapper]   Encoding web name:  ; code page: ''
[2019-12-02 07:28:35Z INFO ProcessInvokerWrapper]   Force kill process on cancellation: 'False'
[2019-12-02 07:28:35Z INFO ProcessInvokerWrapper]   Redirected STDIN: 'False'
[2019-12-02 07:28:35Z INFO ProcessInvokerWrapper]   Persist current code page: 'False'
[2019-12-02 07:28:35Z INFO ProcessInvokerWrapper]   Keep redirected STDIN open: 'False'
[2019-12-02 07:28:35Z INFO ProcessInvokerWrapper]   High priority process: 'False'
[2019-12-02 07:28:35Z INFO ProcessInvokerWrapper] Failed to update oom_score_adj for PID: 70030.
[2019-12-02 07:28:35Z INFO ProcessInvokerWrapper] System.UnauthorizedAccessException: Access to the path '/proc/70030/oom_score_adj' is denied.
 ---> System.IO.IOException: Permission denied
   --- End of inner exception stack trace ---
   at Interop.ThrowExceptionForIoErrno(ErrorInfo errorInfo, String path, Boolean isDirectory, Func`2 errorRewriter)
   at Microsoft.Win32.SafeHandles.SafeFileHandle.Open(String path, OpenFlags flags, Int32 mode)
   at System.IO.FileStream.OpenHandle(FileMode mode, FileShare share, FileOptions options)
   at System.IO.FileStream..ctor(String path, FileMode mode, FileAccess access, FileShare share, Int32 bufferSize, FileOptions options)
   at System.IO.StreamWriter.ValidateArgsAndOpenPath(String path, Boolean append, Encoding encoding, Int32 bufferSize)
   at System.IO.StreamWriter..ctor(String path)
   at System.IO.File.WriteAllText(String path, String contents)
   at GitHub.Runner.Sdk.ProcessInvoker.WriteProcessOomScoreAdj(Int32 processId, Int32 oomScoreAdj)
[2019-12-02 07:28:35Z INFO ProcessInvokerWrapper] STDOUT/STDERR stream read finished.
[2019-12-02 07:28:35Z INFO ProcessInvokerWrapper] STDOUT/STDERR stream read finished.
[2019-12-02 07:28:35Z INFO ProcessInvokerWrapper] Process started with process id 70030, waiting for process exit.
[2019-12-02 07:28:35Z INFO ProcessInvokerWrapper] Finished process 70030 with exit code 0, and elapsed time 00:00:00.0200039.
[2019-12-02 07:28:35Z INFO RSAFileKeyManager] Successfully set permissions for RSA key parameters file /home/serverlogin/actions-runner/.credentials_rsaparams
[2019-12-02 07:28:35Z INFO ConfigurationManager] Found a private pool with id {1} and name {2} 1, Default
[2019-12-02 07:28:35Z INFO CommandSettings] Arg 'agent': ''
[2019-12-02 07:28:35Z INFO CommandSettings] Flag 'unattended': 'False'
[2019-12-02 07:28:35Z INFO PromptManager] ReadValue
[2019-12-02 07:28:35Z INFO Terminal] WRITE: Enter the name of runner: 
[2019-12-02 07:28:35Z INFO Terminal] WRITE: [press Enter for 7054company] 
[2019-12-02 07:28:35Z INFO Terminal] READ LINE
[2019-12-02 07:28:42Z INFO Terminal] Read value: ''
[2019-12-02 07:28:42Z INFO PromptManager] Falling back to the default: '7054company'
[2019-12-02 07:28:42Z INFO Terminal] WRITE LINE: 
[2019-12-02 07:28:42Z INFO ConfigurationManager] Agent server url resolve by server: 'https://pipelines.actions.githubusercontent.com/Ar0YriSdDQlv4yA7PDol8prZJ5jLP6SifQBRBQZnAxPZPfwr2C/'.
[2019-12-02 07:28:42Z INFO ConfigurationStore] Saving OAuth credential @ /home/serverlogin/actions-runner/.credentials
[2019-12-02 07:28:42Z INFO ConfigurationStore] Credentials Saved.
[2019-12-02 07:28:42Z INFO ConfigurationStore] HasCredentials()
[2019-12-02 07:28:42Z INFO ConfigurationStore] stored True
[2019-12-02 07:28:42Z INFO CredentialManager] GetCredentialProvider
[2019-12-02 07:28:42Z INFO CredentialManager] Creating type OAuth
[2019-12-02 07:28:42Z INFO CredentialManager] Creating credential type: OAuth
[2019-12-02 07:28:42Z INFO RSAFileKeyManager] Loading RSA key parameters from file /home/serverlogin/actions-runner/.credentials_rsaparams
[2019-12-02 07:28:42Z INFO RunnerServer] Establish connection with 100 seconds timeout.
[2019-12-02 07:28:42Z INFO GitHubActionsRunner] Starting operation Location.GetConnectionData
[2019-12-02 07:28:42Z INFO RunnerServer] Establish connection with 60 seconds timeout.
[2019-12-02 07:28:42Z INFO GitHubActionsRunner] Starting operation Location.GetConnectionData
[2019-12-02 07:28:42Z INFO RunnerServer] Establish connection with 60 seconds timeout.
[2019-12-02 07:28:42Z INFO GitHubActionsRunner] Starting operation Location.GetConnectionData
[2019-12-02 07:28:42Z INFO GitHubActionsRunner] Finished operation Location.GetConnectionData
[2019-12-02 07:28:42Z INFO GitHubActionsRunner] Finished operation Location.GetConnectionData
[2019-12-02 07:28:42Z INFO GitHubActionsRunner] Finished operation Location.GetConnectionData
[2019-12-02 07:28:43Z INFO CommandSettings] Arg 'work': ''
[2019-12-02 07:28:43Z INFO CommandSettings] Flag 'unattended': 'False'
[2019-12-02 07:28:43Z INFO PromptManager] ReadValue
[2019-12-02 07:28:43Z INFO Terminal] WRITE: Enter name of work folder: 
[2019-12-02 07:28:43Z INFO Terminal] WRITE: [press Enter for _work] 
[2019-12-02 07:28:43Z INFO Terminal] READ LINE
[2019-12-02 07:28:51Z INFO Terminal] Read value: 'work'
[2019-12-02 07:28:51Z INFO ConfigurationStore] Saving runner settings.
[2019-12-02 07:28:51Z INFO ConfigurationStore] Settings Saved.
[2019-12-02 07:28:51Z INFO Terminal] WRITE LINE: 
[2019-12-02 07:28:51Z INFO Terminal] WRITE LINE: 
[2019-12-02 07:28:51Z INFO SystemDControlManager] Service name 'actions.runner.Ar0YriSdDQlv4yA7PDol8prZJ5jLP6SifQBRBQZnAxPZPfwr2C.Default.7054company.service' display name 'GitHub Actions Runner (Ar0YriSdDQlv4yA7PDol8prZJ5jLP6SifQBRBQZnAxPZPfwr2C.Default.7054company)' will be used for service configuration.
[2019-12-02 07:28:51Z INFO HostContext] Well known directory 'Bin': '/home/serverlogin/actions-runner/bin'
[2019-12-02 07:28:51Z INFO HostContext] Well known directory 'Root': '/home/serverlogin/actions-runner'
[2019-12-02 07:28:51Z INFO HostContext] Well known directory 'Bin': '/home/serverlogin/actions-runner/bin'
[2019-12-02 07:28:51Z INFO HostContext] Well known directory 'Bin': '/home/serverlogin/actions-runner/bin'
[2019-12-02 07:28:51Z INFO HostContext] Well known directory 'Root': '/home/serverlogin/actions-runner'
[2019-12-02 07:28:51Z INFO UnixUtil] Which: 'chmod'
[2019-12-02 07:28:51Z INFO UnixUtil] Location: '/bin/chmod'
[2019-12-02 07:28:51Z INFO UnixUtil] Running /bin/chmod 755 "/home/serverlogin/actions-runner/svc.sh"
[2019-12-02 07:28:51Z INFO ProcessInvokerWrapper] Starting process:
[2019-12-02 07:28:51Z INFO ProcessInvokerWrapper]   File name: '/bin/chmod'
[2019-12-02 07:28:51Z INFO ProcessInvokerWrapper]   Arguments: '755 "/home/serverlogin/actions-runner/svc.sh"'
[2019-12-02 07:28:51Z INFO ProcessInvokerWrapper]   Working directory: '/home/serverlogin/actions-runner'
[2019-12-02 07:28:51Z INFO ProcessInvokerWrapper]   Require exit code zero: 'True'
[2019-12-02 07:28:51Z INFO ProcessInvokerWrapper]   Encoding web name:  ; code page: ''
[2019-12-02 07:28:51Z INFO ProcessInvokerWrapper]   Force kill process on cancellation: 'False'
[2019-12-02 07:28:51Z INFO ProcessInvokerWrapper]   Redirected STDIN: 'False'
[2019-12-02 07:28:51Z INFO ProcessInvokerWrapper]   Persist current code page: 'False'
[2019-12-02 07:28:51Z INFO ProcessInvokerWrapper]   Keep redirected STDIN open: 'False'
[2019-12-02 07:28:51Z INFO ProcessInvokerWrapper]   High priority process: 'False'
[2019-12-02 07:28:51Z INFO ProcessInvokerWrapper] Updated oom_score_adj to 500 for PID: 70058.
[2019-12-02 07:28:51Z INFO ProcessInvokerWrapper] Process started with process id 70058, waiting for process exit.
[2019-12-02 07:28:51Z INFO ProcessInvokerWrapper] STDOUT/STDERR stream read finished.
[2019-12-02 07:28:51Z INFO ProcessInvokerWrapper] STDOUT/STDERR stream read finished.
[2019-12-02 07:28:51Z INFO ProcessInvokerWrapper] Finished process 70058 with exit code 0, and elapsed time 00:00:00.0048903.
